Using pre-set license
Built from '2020.3/staging' branch; Version is '2020.3.5f1 (8095aa901b9b) revision 8426922'; Using compiler version '192528614'; Build Type 'Release'
OS: 'Windows 10 Pro N; OS build 19041.928; Version 2004; 64bit' Language: 'fr' Physical Memory: 16319 MB
BatchMode: 1, IsHumanControllingUs: 0, StartBugReporterOnCrash: 0, Is64bit: 1, IsPro: 0

 COMMAND LINE ARGUMENTS:
C:\Program Files\Unity\2020.3.5f1\Editor\Unity.exe
-adb2
-batchMode
-noUpm
-name
AssetImportWorker0
-projectPath
E:/GitRepos/Combat_Infirmier/Combattants_Infirmiers
-logFile
Logs/AssetImportWorker0.log
-srvPort
49443
Successfully changed project path to: E:/GitRepos/Combat_Infirmier/Combattants_Infirmiers
E:/GitRepos/Combat_Infirmier/Combattants_Infirmiers
Using Asset Import Pipeline V2.
Refreshing native plugins compatible for Editor in 40.89 ms, found 1 plugins.
Preloading 0 native plugins for Editor in 0.00 ms.
Initialize engine version: 2020.3.5f1 (8095aa901b9b)
[Subsystems] Discovering subsystems at path C:/Program Files/Unity/2020.3.5f1/Editor/Data/Resources/UnitySubsystems
[Subsystems] Discovering subsystems at path E:/GitRepos/Combat_Infirmier/Combattants_Infirmiers/Assets
GfxDevice: creating device client; threaded=0
Direct3D:
    Version:  Direct3D 11.0 [level 11.1]
    Renderer: NVIDIA GeForce GTX 1050 Ti (ID=0x1c82)
    Vendor:   
    VRAM:     4018 MB
    Driver:   27.21.14.5671
Invalid texture used for cursor - check importer settings or texture creation. Texture must be RGBA32, readable, have alphaIsTransparency enabled and have no mip chain.

Failed to set the cursor because the specified texture ('seringue0') was not CPU accessible.

Initialize mono
Mono path[0] = 'C:/Program Files/Unity/2020.3.5f1/Editor/Data/Managed'
Mono path[1] = 'C:/Program Files/Unity/2020.3.5f1/Editor/Data/MonoBleedingEdge/lib/mono/unityjit'
Mono config path = 'C:/Program Files/Unity/2020.3.5f1/Editor/Data/MonoBleedingEdge/etc'
Using monoOptions --debugger-agent=transport=dt_socket,embedding=1,server=y,suspend=n,address=127.0.0.1:56524
Begin MonoManager ReloadAssembly
Registering precompiled unity dll's ...
Register platform support module: C:/Program Files/Unity/2020.3.5f1/Editor/Data/PlaybackEngines/WindowsStandaloneSupport/UnityEditor.WindowsStandalone.Extensions.dll
Registered in 0.001767 seconds.
Native extension for WindowsStandalone target not found
Refreshing native plugins compatible for Editor in 38.14 ms, found 1 plugins.
Preloading 0 native plugins for Editor in 0.00 ms.
Mono: successfully reloaded assembly
- Completed reload, in  1.261 seconds
Platform modules already initialized, skipping
Registering precompiled user dll's ...
Registered in 0.003170 seconds.
Begin MonoManager ReloadAssembly
Native extension for WindowsStandalone target not found
Refreshing native plugins compatible for Editor in 40.19 ms, found 1 plugins.
Preloading 0 native plugins for Editor in 0.00 ms.
Mono: successfully reloaded assembly
- Completed reload, in  1.205 seconds
Platform modules already initialized, skipping
========================================================================
Worker process is ready to serve import requests
Launched and connected shader compiler UnityShaderCompiler.exe after 0.04 seconds
Refreshing native plugins compatible for Editor in 0.38 ms, found 1 plugins.
Preloading 0 native plugins for Editor in 0.00 ms.
Unloading 2188 Unused Serialized files (Serialized files now loaded: 0)
System memory in use before: 108.6 MB.
System memory in use after: 108.7 MB.

Unloading 31 unused Assets to reduce memory usage. Loaded Objects now: 2680.
Total: 15.215600 ms (FindLiveObjects: 0.180700 ms CreateObjectMapping: 0.112700 ms MarkObjects: 14.860800 ms  DeleteObjects: 0.060400 ms)

========================================================================
Received Import Request.
  path: Assets/Scenes/Title.unity
  artifactKey: Guid(0b51058e040145842b148afd01e640d2) Importer(815301076,1909f56bfc062723c751e8b465ee728b)
Start importing Assets/Scenes/Title.unity using Guid(0b51058e040145842b148afd01e640d2) Importer(815301076,1909f56bfc062723c751e8b465ee728b)  -> (artifact id: '5dfe2269d5ba1c5274eba765fb28e60e') in 0.028191 seconds
  Import took 0.054317 seconds .

========================================================================
Received Import Request.
  Time since last request: 11.271362 seconds.
  path: Assets/Scenes/TitleB.unity
  artifactKey: Guid(0b51058e040145842b148afd01e640d2) Importer(815301076,1909f56bfc062723c751e8b465ee728b)
Start importing Assets/Scenes/TitleB.unity using Guid(0b51058e040145842b148afd01e640d2) Importer(815301076,1909f56bfc062723c751e8b465ee728b)  -> (artifact id: 'f0328f941a1f44c9491551a9fe85c72a') in 0.020677 seconds
  Import took 0.039983 seconds .

