Using pre-set license
Built from '2020.3/staging' branch; Version is '2020.3.5f1 (8095aa901b9b) revision 8426922'; Using compiler version '192528614'; Build Type 'Release'
OS: 'Windows 10 Pro N; OS build 19041.928; Version 2004; 64bit' Language: 'fr' Physical Memory: 16319 MB
BatchMode: 1, IsHumanControllingUs: 0, StartBugReporterOnCrash: 0, Is64bit: 1, IsPro: 0

 COMMAND LINE ARGUMENTS:
C:\Program Files\Unity\2020.3.5f1\Editor\Unity.exe
-adb2
-batchMode
-noUpm
-name
AssetImportWorker0
-projectPath
E:/GitRepos/Combat_Infirmier/Combattants_Infirmiers
-logFile
Logs/AssetImportWorker0.log
-srvPort
53116
Successfully changed project path to: E:/GitRepos/Combat_Infirmier/Combattants_Infirmiers
E:/GitRepos/Combat_Infirmier/Combattants_Infirmiers
Using Asset Import Pipeline V2.
Refreshing native plugins compatible for Editor in 40.45 ms, found 1 plugins.
Preloading 0 native plugins for Editor in 0.00 ms.
Initialize engine version: 2020.3.5f1 (8095aa901b9b)
[Subsystems] Discovering subsystems at path C:/Program Files/Unity/2020.3.5f1/Editor/Data/Resources/UnitySubsystems
[Subsystems] Discovering subsystems at path E:/GitRepos/Combat_Infirmier/Combattants_Infirmiers/Assets
GfxDevice: creating device client; threaded=0
Direct3D:
    Version:  Direct3D 11.0 [level 11.1]
    Renderer: NVIDIA GeForce GTX 1050 Ti (ID=0x1c82)
    Vendor:   
    VRAM:     4018 MB
    Driver:   27.21.14.5671
Invalid texture used for cursor - check importer settings or texture creation. Texture must be RGBA32, readable, have alphaIsTransparency enabled and have no mip chain.

Failed to set the cursor because the specified texture ('seringue0') was not CPU accessible.

Initialize mono
Mono path[0] = 'C:/Program Files/Unity/2020.3.5f1/Editor/Data/Managed'
Mono path[1] = 'C:/Program Files/Unity/2020.3.5f1/Editor/Data/MonoBleedingEdge/lib/mono/unityjit'
Mono config path = 'C:/Program Files/Unity/2020.3.5f1/Editor/Data/MonoBleedingEdge/etc'
Using monoOptions --debugger-agent=transport=dt_socket,embedding=1,server=y,suspend=n,address=127.0.0.1:56360
Begin MonoManager ReloadAssembly
Registering precompiled unity dll's ...
Register platform support module: C:/Program Files/Unity/2020.3.5f1/Editor/Data/PlaybackEngines/WindowsStandaloneSupport/UnityEditor.WindowsStandalone.Extensions.dll
Registered in 0.001726 seconds.
Native extension for WindowsStandalone target not found
Refreshing native plugins compatible for Editor in 37.84 ms, found 1 plugins.
Preloading 0 native plugins for Editor in 0.00 ms.
Mono: successfully reloaded assembly
- Completed reload, in  1.261 seconds
Platform modules already initialized, skipping
Registering precompiled user dll's ...
Registered in 0.003049 seconds.
Begin MonoManager ReloadAssembly
Native extension for WindowsStandalone target not found
Refreshing native plugins compatible for Editor in 39.20 ms, found 1 plugins.
Preloading 0 native plugins for Editor in 0.00 ms.
Mono: successfully reloaded assembly
- Completed reload, in  1.196 seconds
Platform modules already initialized, skipping
========================================================================
Worker process is ready to serve import requests
Launched and connected shader compiler UnityShaderCompiler.exe after 0.04 seconds
Refreshing native plugins compatible for Editor in 0.39 ms, found 1 plugins.
Preloading 0 native plugins for Editor in 0.00 ms.
Unloading 2186 Unused Serialized files (Serialized files now loaded: 0)
System memory in use before: 108.5 MB.
System memory in use after: 108.6 MB.

Unloading 31 unused Assets to reduce memory usage. Loaded Objects now: 2678.
Total: 15.721400 ms (FindLiveObjects: 0.200300 ms CreateObjectMapping: 0.097900 ms MarkObjects: 15.361900 ms  DeleteObjects: 0.060000 ms)

========================================================================
Received Import Request.
  path: Assets/Animations/Nurse/F
  artifactKey: Guid(eb34f5499759af84093200ee8bdf9918) Importer(815301076,1909f56bfc062723c751e8b465ee728b)
Start importing Assets/Animations/Nurse/F using Guid(eb34f5499759af84093200ee8bdf9918) Importer(815301076,1909f56bfc062723c751e8b465ee728b)  -> (artifact id: '8c18f720ea7f0933453cf70a24650daf') in 0.005527 seconds
  Import took 0.023490 seconds .

========================================================================
Received Import Request.
  Time since last request: 14.211101 seconds.
  path: Assets/Animations/Nurse/Ftired
  artifactKey: Guid(f690a293404f21c42ab4806dcd7a4448) Importer(815301076,1909f56bfc062723c751e8b465ee728b)
Start importing Assets/Animations/Nurse/Ftired using Guid(f690a293404f21c42ab4806dcd7a4448) Importer(815301076,1909f56bfc062723c751e8b465ee728b)  -> (artifact id: '8d2ef9f0b17e5c9db65c8ae86ba667a3') in 0.020522 seconds
  Import took 0.023197 seconds .

========================================================================
Received Import Request.
  Time since last request: 6.243750 seconds.
  path: Assets/Animations/Nurse/Mtired
  artifactKey: Guid(954726e76d893134c8ecbd34307c896a) Importer(815301076,1909f56bfc062723c751e8b465ee728b)
Start importing Assets/Animations/Nurse/Mtired using Guid(954726e76d893134c8ecbd34307c896a) Importer(815301076,1909f56bfc062723c751e8b465ee728b)  -> (artifact id: '9703ed4e0ffbce2c87f0dc4edf357be9') in 0.020783 seconds
  Import took 0.023456 seconds .

========================================================================
Received Import Request.
  Time since last request: 6.604719 seconds.
  path: Assets/Animations/Nurse/Fbloody
  artifactKey: Guid(b940c6de9f2f72d40827b445d986e4d9) Importer(815301076,1909f56bfc062723c751e8b465ee728b)
Start importing Assets/Animations/Nurse/Fbloody using Guid(b940c6de9f2f72d40827b445d986e4d9) Importer(815301076,1909f56bfc062723c751e8b465ee728b)  -> (artifact id: '5e884f638b85170c4e9fc79da164dd42') in 0.020353 seconds
  Import took 0.023069 seconds .

========================================================================
Received Import Request.
  Time since last request: 5.184906 seconds.
  path: Assets/Animations/Nurse/Mbloody
  artifactKey: Guid(be237c2037b63b6438914a03e5662542) Importer(815301076,1909f56bfc062723c751e8b465ee728b)
Start importing Assets/Animations/Nurse/Mbloody using Guid(be237c2037b63b6438914a03e5662542) Importer(815301076,1909f56bfc062723c751e8b465ee728b)  -> (artifact id: 'ef6194c77a96b63f02b8339e065f0a19') in 0.021397 seconds
  Import took 0.024080 seconds .

========================================================================
Received Prepare
Registering precompiled user dll's ...
Registered in 0.002844 seconds.
Begin MonoManager ReloadAssembly
Native extension for WindowsStandalone target not found
Refreshing native plugins compatible for Editor in 0.40 ms, found 1 plugins.
Preloading 0 native plugins for Editor in 0.00 ms.
Mono: successfully reloaded assembly
- Completed reload, in  1.093 seconds
Platform modules already initialized, skipping
Refreshing native plugins compatible for Editor in 0.40 ms, found 1 plugins.
Preloading 0 native plugins for Editor in 0.00 ms.
Unloading 2161 Unused Serialized files (Serialized files now loaded: 0)
System memory in use before: 123.0 MB.
System memory in use after: 123.1 MB.

Unloading 17 unused Assets to reduce memory usage. Loaded Objects now: 2682.
Total: 14.945000 ms (FindLiveObjects: 0.207300 ms CreateObjectMapping: 0.097200 ms MarkObjects: 14.622900 ms  DeleteObjects: 0.016200 ms)

========================================================================
Received Prepare
Registering precompiled user dll's ...
Registered in 0.003043 seconds.
Begin MonoManager ReloadAssembly
Native extension for WindowsStandalone target not found
Refreshing native plugins compatible for Editor in 0.39 ms, found 1 plugins.
Preloading 0 native plugins for Editor in 0.00 ms.
Mono: successfully reloaded assembly
- Completed reload, in  1.106 seconds
Platform modules already initialized, skipping
Refreshing native plugins compatible for Editor in 0.44 ms, found 1 plugins.
Preloading 0 native plugins for Editor in 0.00 ms.
Unloading 2161 Unused Serialized files (Serialized files now loaded: 0)
System memory in use before: 123.0 MB.
System memory in use after: 123.2 MB.

Unloading 17 unused Assets to reduce memory usage. Loaded Objects now: 2686.
Total: 20.786500 ms (FindLiveObjects: 0.164500 ms CreateObjectMapping: 0.073300 ms MarkObjects: 20.526700 ms  DeleteObjects: 0.020300 ms)

AssetImportWorkerClient::OnTransportError - code=2 error=End of file
